test_get_number_of_char (__main__.TestExercice) ... ERROR
test_get_number_of_words (__main__.TestExercice) ... FAIL
test_pair (__main__.TestExercice) ... ok
test_remove_third_char (__main__.TestExercice) ... ok
test_replace_char (__main__.TestExercice) ... FAIL

======================================================================
ERROR: test_get_number_of_char (__main__.TestExercice)
----------------------------------------------------------------------
Traceback (most recent call last):
  File "test_exercice.py", line 59, in test_get_number_of_char
    output = [exercice.get_number_of_char(v[0], v[1]) for v in values]
  File "test_exercice.py", line 59, in <listcomp>
    output = [exercice.get_number_of_char(v[0], v[1]) for v in values]
  File "/home/runner/work/2021h-ch4-exercices-MathieuPar60/2021h-ch4-exercices-MathieuPar60/exercice.py", line 24, in get_number_of_char
    string = string.find(s1)
NameError: name 's1' is not defined

======================================================================
FAIL: test_get_number_of_words (__main__.TestExercice)
----------------------------------------------------------------------
Traceback (most recent call last):
  File "test_exercice.py", line 81, in test_get_number_of_words
    "Mauvais calcul du nombre d'occurence du mot"
AssertionError: Lists differ: [None, None, None] != [2, 0, 1]

First differing element 0:
None
2

- [None, None, None]
+ [2, 0, 1] : Mauvais calcul du nombre d'occurence du mot

======================================================================
FAIL: test_replace_char (__main__.TestExercice)
----------------------------------------------------------------------
Traceback (most recent call last):
  File "test_exercice.py", line 49, in test_replace_char
    'Erreur dans le remplacement de caractère'
AssertionError: Lists differ: ['hey jad!', 'aaaaab', '01234'] != ['hey yad!', 'bbbbbb', 'a1234']

First differing element 0:
'hey jad!'
'hey yad!'

- ['hey jad!', 'aaaaab', '01234']
?       ^       ^^^^^     ^

+ ['hey yad!', 'bbbbbb', 'a1234']
?       ^       ^^^^^     ^
 : Erreur dans le remplacement de caractère

----------------------------------------------------------------------
Ran 5 tests in 0.001s

FAILED (failures=2, errors=1)
